<?xml version="1.0" encoding="UTF-8"?>
<!-- Generated by org.testng.reporters.JUnitReportReporter -->
<testsuite hostname="LAPTOP-KQFH6VTL" failures="0" tests="1" name="com.inetbankingtestcase.Tc_LoginTest_001" time="1.305" errors="0" timestamp="2024-05-08T12:49:19 IST" skipped="0">
  <testcase classname="com.inetbankingtestcase.Tc_LoginTest_001" name="LoginTest" time="1.305"/>
</testsuite> <!-- com.inetbankingtestcase.Tc_LoginTest_001 -->
